nifi-airflow

1. certificate error:

ssl.SSLCertVerificationError: [SSL: CERTIFICATE_VERIFY_FAILED] certificate verify failed: self-signed certificate (_ssl.c:1007)
During handling of the above exception, another exception occurred:

Solution: by verify = False in nifi _dag code





